c:\users\eric\documents\visual studio 2010\projects\matrixmult\matrixmult\debug\matrixdriver.obj
c:\users\eric\documents\visual studio 2010\projects\matrixmult\matrixmult\debug\matrix.obj
c:\users\eric\documents\visual studio 2010\projects\matrixmult\matrixmult\debug\vc100.pdb
c:\users\eric\documents\visual studio 2010\projects\matrixmult\debug\matrixmult.ilk
c:\users\eric\documents\visual studio 2010\projects\matrixmult\debug\matrixmult.exe
c:\users\eric\documents\visual studio 2010\projects\matrixmult\matrixmult\debug\matrixmult.exe.intermediate.manifest
c:\users\eric\documents\visual studio 2010\projects\matrixmult\debug\matrixmult.pdb
c:\users\eric\documents\visual studio 2010\projects\matrixmult\matrixmult\debug\vc120.pdb
c:\users\eric\documents\visual studio 2010\projects\matrixmult\matrixmult\debug\vc120.idb
c:\users\eric\documents\visual studio 2010\projects\matrixmult\matrixmult\debug\matrixrowcmd.obj
c:\users\eric\documents\visual studio 2010\projects\matrixmult\matrixmult\debug\matrixmult.vcxprojresolveassemblyreference.cache
c:\users\eric\documents\visual studio 2010\projects\matrixmult\matrixmult\debug\cl.command.1.tlog
c:\users\eric\documents\visual studio 2010\projects\matrixmult\matrixmult\debug\cl.read.1.tlog
c:\users\eric\documents\visual studio 2010\projects\matrixmult\matrixmult\debug\cl.write.1.tlog
c:\users\eric\documents\visual studio 2010\projects\matrixmult\matrixmult\debug\link.command.1.tlog
c:\users\eric\documents\visual studio 2010\projects\matrixmult\matrixmult\debug\link.read.1.tlog
c:\users\eric\documents\visual studio 2010\projects\matrixmult\matrixmult\debug\link.write.1.tlog
c:\users\eric\documents\visual studio 2010\projects\matrixmult\matrixmult\debug\matrixmult.write.1.tlog
c:\users\eric\documents\visual studio 2010\projects\matrixmult\matrixmult\debug\mt.command.1.tlog
c:\users\eric\documents\visual studio 2010\projects\matrixmult\matrixmult\debug\mt.read.1.tlog
c:\users\eric\documents\visual studio 2010\projects\matrixmult\matrixmult\debug\mt.write.1.tlog
c:\users\eric\documents\visual studio 2010\projects\matrixmult\matrixmult\debug\vc100.idb
c:\users\eric\documents\visual studio 2010\projects\matrixmult\matrixmult\debug\matrixmult.tlog\cl.command.1.tlog
c:\users\eric\documents\visual studio 2010\projects\matrixmult\matrixmult\debug\matrixmult.tlog\cl.read.1.tlog
c:\users\eric\documents\visual studio 2010\projects\matrixmult\matrixmult\debug\matrixmult.tlog\cl.write.1.tlog
c:\users\eric\documents\visual studio 2010\projects\matrixmult\matrixmult\debug\matrixmult.tlog\link-cvtres.read.1.tlog
c:\users\eric\documents\visual studio 2010\projects\matrixmult\matrixmult\debug\matrixmult.tlog\link-cvtres.write.1.tlog
c:\users\eric\documents\visual studio 2010\projects\matrixmult\matrixmult\debug\matrixmult.tlog\link-rc.read.1.tlog
c:\users\eric\documents\visual studio 2010\projects\matrixmult\matrixmult\debug\matrixmult.tlog\link-rc.write.1.tlog
c:\users\eric\documents\visual studio 2010\projects\matrixmult\matrixmult\debug\matrixmult.tlog\link.command.1.tlog
c:\users\eric\documents\visual studio 2010\projects\matrixmult\matrixmult\debug\matrixmult.tlog\link.read.1.tlog
c:\users\eric\documents\visual studio 2010\projects\matrixmult\matrixmult\debug\matrixmult.tlog\link.write.1.tlog
