Build started 9/5/2014 6:30:58 PM.
     1>Project "C:\Users\Eric\Documents\Visual Studio 2010\Projects\MatrixMult\MatrixMult\MatrixMult.vcxproj" on node 2 (build target(s)).
     1>InitializeBuildStatus:
         Creating "Release\MatrixMult.unsuccessfulbuild" because "AlwaysCreate" was specified.
       ClCompile:
         c:\Program Files (x86)\Microsoft Visual Studio 10.0\VC\bin\CL.exe /c /Zi /nologo /W3 /WX- /O2 /Oi /Oy- /GL /D _MBCS /Gm- /EHsc /MD /GS /Gy /fp:precise /Zc:wchar_t /Zc:forScope /Fo"Release\\" /Fd"Release\vc100.pdb" /Gd /TP /analyze- /errorReport:prompt matrix.cpp
         matrix.cpp
     1>matrix.cpp(16): warning C4305: '=' : truncation from 'double' to 'float'
     1>matrix.cpp(23): warning C4305: '=' : truncation from 'double' to 'float'
       Link:
         c:\Program Files (x86)\Microsoft Visual Studio 10.0\VC\bin\link.exe /ERRORREPORT:PROMPT /OUT:"C:\Users\Eric\Documents\Visual Studio 2010\Projects\MatrixMult\Release\MatrixMult.exe" /NOLOGO kernel32.lib user32.lib gdi32.lib winspool.lib comdlg32.lib advapi32.lib shell32.lib ole32.lib oleaut32.lib uuid.lib odbc32.lib odbccp32.lib /MANIFEST /ManifestFile:"Release\MatrixMult.exe.intermediate.manifest" /MANIFESTUAC:"level='asInvoker' uiAccess='false'" /DEBUG /PDB:"C:\Users\Eric\Documents\Visual Studio 2010\Projects\MatrixMult\Release\MatrixMult.pdb" /OPT:REF /OPT:ICF /LTCG /TLBID:1 /DYNAMICBASE /NXCOMPAT /IMPLIB:"C:\Users\Eric\Documents\Visual Studio 2010\Projects\MatrixMult\Release\MatrixMult.lib" /MACHINE:X86 Release\matrix.obj
         Release\matrixDriver.obj
         Generating code
         Finished generating code
         MatrixMult.vcxproj -> C:\Users\Eric\Documents\Visual Studio 2010\Projects\MatrixMult\Release\MatrixMult.exe
       Manifest:
         C:\Program Files (x86)\Microsoft SDKs\Windows\v7.0A\bin\mt.exe /nologo /verbose /outputresource:"C:\Users\Eric\Documents\Visual Studio 2010\Projects\MatrixMult\Release\MatrixMult.exe;#1" /manifest Release\MatrixMult.exe.intermediate.manifest
       FinalizeBuildStatus:
         Deleting file "Release\MatrixMult.unsuccessfulbuild".
         Touching "Release\MatrixMult.lastbuildstate".
     1>Done Building Project "C:\Users\Eric\Documents\Visual Studio 2010\Projects\MatrixMult\MatrixMult\MatrixMult.vcxproj" (build target(s)).

Build succeeded.

Time Elapsed 00:00:00.70
